INFO   2025-07-18T12:46:59.697              db\db.module.ts:37  | DB Connected successfully DatabaseModule (default)
INFO   2025-07-18T12:46:59.737                  src\main.ts:49  | Server time: Fri Jul 18 2025 12:46:59 GMT+0700 (Indochina Time) (bootstrap)
INFO   2025-07-18T12:46:59.740                  src\main.ts:50  | Local/public ip: 192.168.1.6 - 192.168.1.6 (bootstrap)
INFO   2025-07-18T12:46:59.743                  src\main.ts:51  | Running app on: http://192.168.1.6:3005 (bootstrap)
INFO   2025-07-18T12:46:59.762       redis\redis.service.ts:88  | connectionIORedis - Connection status: connected RedisService (default)
INFO   2025-07-18T12:48:43.511     spu\spu-cache.service.ts:72  | FROM CACHE: 2 ----- 1752817723506 ----- {"spu_id":2,"product_name":"Áo thun Hàn Quốc","product_desc":"Áo thun Hàn Quốc thời trang nhất 2025","product_slug":"ao-thun-han-quoc-1-1747648211","product_thumb":"https://shopdev.com/p/product123456.jpg","product_category":2,"product_shop":1,"product_price":"1005.00","product_quantity":15,"product_rating_avg":"4.8","product_variations":[{"images":[],"name":"color","options":["red","green","blue"]},{"images":[],"name":"size","options":["S","M"]}]} (default)
INFO   2025-07-18T12:48:43.529              morgan\index.js:130 | ::1 Anonymous GET /api/v1/spu/info/2/advanced 200 - 34.144 ms {}
 (access)
INFO   2025-07-18T12:48:46.482     spu\spu-cache.service.ts:72  | FROM CACHE: 2 ----- 1752817726481 ----- {"spu_id":2,"product_name":"Áo thun Hàn Quốc","product_desc":"Áo thun Hàn Quốc thời trang nhất 2025","product_slug":"ao-thun-han-quoc-1-1747648211","product_thumb":"https://shopdev.com/p/product123456.jpg","product_category":2,"product_shop":1,"product_price":"1005.00","product_quantity":15,"product_rating_avg":"4.8","product_variations":[{"images":[],"name":"color","options":["red","green","blue"]},{"images":[],"name":"size","options":["S","M"]}]} (default)
INFO   2025-07-18T12:48:46.489              morgan\index.js:130 | ::1 Anonymous GET /api/v1/spu/info/2/advanced 200 - 8.538 ms {}
 (access)
INFO   2025-07-18T12:48:47.917     spu\spu-cache.service.ts:72  | FROM CACHE: 2 ----- 1752817727917 ----- {"spu_id":2,"product_name":"Áo thun Hàn Quốc","product_desc":"Áo thun Hàn Quốc thời trang nhất 2025","product_slug":"ao-thun-han-quoc-1-1747648211","product_thumb":"https://shopdev.com/p/product123456.jpg","product_category":2,"product_shop":1,"product_price":"1005.00","product_quantity":15,"product_rating_avg":"4.8","product_variations":[{"images":[],"name":"color","options":["red","green","blue"]},{"images":[],"name":"size","options":["S","M"]}]} (default)
INFO   2025-07-18T12:48:47.922              morgan\index.js:130 | ::1 Anonymous GET /api/v1/spu/info/2/advanced 200 - 7.399 ms {}
 (access)
INFO   2025-07-18T12:48:48.615     spu\spu-cache.service.ts:72  | FROM CACHE: 2 ----- 1752817728614 ----- {"spu_id":2,"product_name":"Áo thun Hàn Quốc","product_desc":"Áo thun Hàn Quốc thời trang nhất 2025","product_slug":"ao-thun-han-quoc-1-1747648211","product_thumb":"https://shopdev.com/p/product123456.jpg","product_category":2,"product_shop":1,"product_price":"1005.00","product_quantity":15,"product_rating_avg":"4.8","product_variations":[{"images":[],"name":"color","options":["red","green","blue"]},{"images":[],"name":"size","options":["S","M"]}]} (default)
INFO   2025-07-18T12:48:48.618              morgan\index.js:130 | ::1 Anonymous GET /api/v1/spu/info/2/advanced 200 - 4.491 ms {}
 (access)
INFO   2025-07-18T12:54:19.460              db\db.module.ts:37  | DB Connected successfully DatabaseModule (default)
INFO   2025-07-18T12:54:19.491                  src\main.ts:49  | Server time: Fri Jul 18 2025 12:54:19 GMT+0700 (Indochina Time) (bootstrap)
INFO   2025-07-18T12:54:19.497                  src\main.ts:50  | Local/public ip: 192.168.1.6 - 192.168.1.6 (bootstrap)
INFO   2025-07-18T12:54:19.499                  src\main.ts:51  | Running app on: http://192.168.1.6:3005 (bootstrap)
INFO   2025-07-18T12:54:19.538       redis\redis.service.ts:88  | connectionIORedis - Connection status: connected RedisService (default)
INFO   2025-07-18T12:56:51.330     spu\spu-cache.service.ts:72  | FROM CACHE: 2 ----- 1752818211329 ----- {"spu_id":2,"product_name":"Áo thun Hàn Quốc","product_desc":"Áo thun Hàn Quốc thời trang nhất 2025","product_slug":"ao-thun-han-quoc-1-1747648211","product_thumb":"https://shopdev.com/p/product123456.jpg","product_category":2,"product_shop":1,"product_price":"1005.00","product_quantity":15,"product_rating_avg":"4.8","product_variations":[{"images":[],"name":"color","options":["red","green","blue"]},{"images":[],"name":"size","options":["S","M"]}]} (default)
INFO   2025-07-18T12:56:51.335              morgan\index.js:130 | ::1 Anonymous GET /api/v1/spu/info/2/advanced 200 - 10.488 ms {}
 (access)
INFO   2025-07-18T12:56:52.019     spu\spu-cache.service.ts:72  | FROM CACHE: 2 ----- 1752818212019 ----- {"spu_id":2,"product_name":"Áo thun Hàn Quốc","product_desc":"Áo thun Hàn Quốc thời trang nhất 2025","product_slug":"ao-thun-han-quoc-1-1747648211","product_thumb":"https://shopdev.com/p/product123456.jpg","product_category":2,"product_shop":1,"product_price":"1005.00","product_quantity":15,"product_rating_avg":"4.8","product_variations":[{"images":[],"name":"color","options":["red","green","blue"]},{"images":[],"name":"size","options":["S","M"]}]} (default)
INFO   2025-07-18T12:56:52.022              morgan\index.js:130 | ::1 Anonymous GET /api/v1/spu/info/2/advanced 200 - 4.338 ms {}
 (access)
INFO   2025-07-18T12:56:52.581     spu\spu-cache.service.ts:72  | FROM CACHE: 2 ----- 1752818212581 ----- {"spu_id":2,"product_name":"Áo thun Hàn Quốc","product_desc":"Áo thun Hàn Quốc thời trang nhất 2025","product_slug":"ao-thun-han-quoc-1-1747648211","product_thumb":"https://shopdev.com/p/product123456.jpg","product_category":2,"product_shop":1,"product_price":"1005.00","product_quantity":15,"product_rating_avg":"4.8","product_variations":[{"images":[],"name":"color","options":["red","green","blue"]},{"images":[],"name":"size","options":["S","M"]}]} (default)
INFO   2025-07-18T12:56:52.584              morgan\index.js:130 | ::1 Anonymous GET /api/v1/spu/info/2/advanced 200 - 4.382 ms {}
 (access)
INFO   2025-07-18T12:56:52.997     spu\spu-cache.service.ts:72  | FROM CACHE: 2 ----- 1752818212997 ----- {"spu_id":2,"product_name":"Áo thun Hàn Quốc","product_desc":"Áo thun Hàn Quốc thời trang nhất 2025","product_slug":"ao-thun-han-quoc-1-1747648211","product_thumb":"https://shopdev.com/p/product123456.jpg","product_category":2,"product_shop":1,"product_price":"1005.00","product_quantity":15,"product_rating_avg":"4.8","product_variations":[{"images":[],"name":"color","options":["red","green","blue"]},{"images":[],"name":"size","options":["S","M"]}]} (default)
INFO   2025-07-18T12:56:52.999              morgan\index.js:130 | ::1 Anonymous GET /api/v1/spu/info/2/advanced 200 - 3.218 ms {}
 (access)
INFO   2025-07-18T12:56:53.436     spu\spu-cache.service.ts:72  | FROM CACHE: 2 ----- 1752818213436 ----- {"spu_id":2,"product_name":"Áo thun Hàn Quốc","product_desc":"Áo thun Hàn Quốc thời trang nhất 2025","product_slug":"ao-thun-han-quoc-1-1747648211","product_thumb":"https://shopdev.com/p/product123456.jpg","product_category":2,"product_shop":1,"product_price":"1005.00","product_quantity":15,"product_rating_avg":"4.8","product_variations":[{"images":[],"name":"color","options":["red","green","blue"]},{"images":[],"name":"size","options":["S","M"]}]} (default)
INFO   2025-07-18T12:56:53.439              morgan\index.js:130 | ::1 Anonymous GET /api/v1/spu/info/2/advanced 200 - 5.876 ms {}
 (access)
INFO   2025-07-18T12:56:53.861     spu\spu-cache.service.ts:72  | FROM CACHE: 2 ----- 1752818213861 ----- {"spu_id":2,"product_name":"Áo thun Hàn Quốc","product_desc":"Áo thun Hàn Quốc thời trang nhất 2025","product_slug":"ao-thun-han-quoc-1-1747648211","product_thumb":"https://shopdev.com/p/product123456.jpg","product_category":2,"product_shop":1,"product_price":"1005.00","product_quantity":15,"product_rating_avg":"4.8","product_variations":[{"images":[],"name":"color","options":["red","green","blue"]},{"images":[],"name":"size","options":["S","M"]}]} (default)
INFO   2025-07-18T12:56:53.864              morgan\index.js:130 | ::1 Anonymous GET /api/v1/spu/info/2/advanced 200 - 3.768 ms {}
 (access)
INFO   2025-07-18T12:56:54.317     spu\spu-cache.service.ts:72  | FROM CACHE: 2 ----- 1752818214317 ----- {"spu_id":2,"product_name":"Áo thun Hàn Quốc","product_desc":"Áo thun Hàn Quốc thời trang nhất 2025","product_slug":"ao-thun-han-quoc-1-1747648211","product_thumb":"https://shopdev.com/p/product123456.jpg","product_category":2,"product_shop":1,"product_price":"1005.00","product_quantity":15,"product_rating_avg":"4.8","product_variations":[{"images":[],"name":"color","options":["red","green","blue"]},{"images":[],"name":"size","options":["S","M"]}]} (default)
INFO   2025-07-18T12:56:54.319              morgan\index.js:130 | ::1 Anonymous GET /api/v1/spu/info/2/advanced 200 - 4.494 ms {}
 (access)
INFO   2025-07-18T13:05:06.628              db\db.module.ts:37  | DB Connected successfully DatabaseModule (default)
INFO   2025-07-18T13:05:06.648                  src\main.ts:49  | Server time: Fri Jul 18 2025 13:05:06 GMT+0700 (Indochina Time) (bootstrap)
INFO   2025-07-18T13:05:06.651                  src\main.ts:50  | Local/public ip: 192.168.1.6 - 192.168.1.6 (bootstrap)
INFO   2025-07-18T13:05:06.653                  src\main.ts:51  | Running app on: http://192.168.1.6:3005 (bootstrap)
INFO   2025-07-18T13:05:06.671       redis\redis.service.ts:88  | connectionIORedis - Connection status: connected RedisService (default)
INFO   2025-07-18T13:05:22.093     spu\spu-cache.service.ts:72  | FROM CACHE: 2 ----- 1752818722091 ----- {"spu_id":2,"product_name":"Áo thun Hàn Quốc","product_desc":"Áo thun Hàn Quốc thời trang nhất 2025","product_slug":"ao-thun-han-quoc-1-1747648211","product_thumb":"https://shopdev.com/p/product123456.jpg","product_category":2,"product_shop":1,"product_price":"1005.00","product_quantity":15,"product_rating_avg":"4.8","product_variations":[{"images":[],"name":"color","options":["red","green","blue"]},{"images":[],"name":"size","options":["S","M"]}]} (default)
INFO   2025-07-18T13:05:22.100              morgan\index.js:130 | ::1 Anonymous GET /api/v1/spu/info/2/advanced 200 - 22.622 ms {}
 (access)
INFO   2025-07-18T13:05:22.711     spu\spu-cache.service.ts:72  | FROM CACHE: 2 ----- 1752818722711 ----- {"spu_id":2,"product_name":"Áo thun Hàn Quốc","product_desc":"Áo thun Hàn Quốc thời trang nhất 2025","product_slug":"ao-thun-han-quoc-1-1747648211","product_thumb":"https://shopdev.com/p/product123456.jpg","product_category":2,"product_shop":1,"product_price":"1005.00","product_quantity":15,"product_rating_avg":"4.8","product_variations":[{"images":[],"name":"color","options":["red","green","blue"]},{"images":[],"name":"size","options":["S","M"]}]} (default)
INFO   2025-07-18T13:05:22.716              morgan\index.js:130 | ::1 Anonymous GET /api/v1/spu/info/2/advanced 200 - 7.426 ms {}
 (access)
INFO   2025-07-18T13:05:23.174     spu\spu-cache.service.ts:72  | FROM CACHE: 2 ----- 1752818723173 ----- {"spu_id":2,"product_name":"Áo thun Hàn Quốc","product_desc":"Áo thun Hàn Quốc thời trang nhất 2025","product_slug":"ao-thun-han-quoc-1-1747648211","product_thumb":"https://shopdev.com/p/product123456.jpg","product_category":2,"product_shop":1,"product_price":"1005.00","product_quantity":15,"product_rating_avg":"4.8","product_variations":[{"images":[],"name":"color","options":["red","green","blue"]},{"images":[],"name":"size","options":["S","M"]}]} (default)
INFO   2025-07-18T13:05:23.179              morgan\index.js:130 | ::1 Anonymous GET /api/v1/spu/info/2/advanced 200 - 6.432 ms {}
 (access)
INFO   2025-07-18T13:05:23.632     spu\spu-cache.service.ts:72  | FROM CACHE: 2 ----- 1752818723632 ----- {"spu_id":2,"product_name":"Áo thun Hàn Quốc","product_desc":"Áo thun Hàn Quốc thời trang nhất 2025","product_slug":"ao-thun-han-quoc-1-1747648211","product_thumb":"https://shopdev.com/p/product123456.jpg","product_category":2,"product_shop":1,"product_price":"1005.00","product_quantity":15,"product_rating_avg":"4.8","product_variations":[{"images":[],"name":"color","options":["red","green","blue"]},{"images":[],"name":"size","options":["S","M"]}]} (default)
INFO   2025-07-18T13:05:23.637              morgan\index.js:130 | ::1 Anonymous GET /api/v1/spu/info/2/advanced 200 - 5.494 ms {}
 (access)
INFO   2025-07-18T13:05:24.176     spu\spu-cache.service.ts:72  | FROM CACHE: 2 ----- 1752818724175 ----- {"spu_id":2,"product_name":"Áo thun Hàn Quốc","product_desc":"Áo thun Hàn Quốc thời trang nhất 2025","product_slug":"ao-thun-han-quoc-1-1747648211","product_thumb":"https://shopdev.com/p/product123456.jpg","product_category":2,"product_shop":1,"product_price":"1005.00","product_quantity":15,"product_rating_avg":"4.8","product_variations":[{"images":[],"name":"color","options":["red","green","blue"]},{"images":[],"name":"size","options":["S","M"]}]} (default)
INFO   2025-07-18T13:05:24.180              morgan\index.js:130 | ::1 Anonymous GET /api/v1/spu/info/2/advanced 200 - 6.446 ms {}
 (access)
INFO   2025-07-18T13:05:25.318     spu\spu-cache.service.ts:72  | FROM CACHE: 2 ----- 1752818725318 ----- {"spu_id":2,"product_name":"Áo thun Hàn Quốc","product_desc":"Áo thun Hàn Quốc thời trang nhất 2025","product_slug":"ao-thun-han-quoc-1-1747648211","product_thumb":"https://shopdev.com/p/product123456.jpg","product_category":2,"product_shop":1,"product_price":"1005.00","product_quantity":15,"product_rating_avg":"4.8","product_variations":[{"images":[],"name":"color","options":["red","green","blue"]},{"images":[],"name":"size","options":["S","M"]}]} (default)
INFO   2025-07-18T13:05:25.320              morgan\index.js:130 | ::1 Anonymous GET /api/v1/spu/info/2/advanced 200 - 5.986 ms {}
 (access)
INFO   2025-07-18T13:07:26.309     spu\spu-cache.service.ts:72  | FROM CACHE: 2 ----- 1752818846308 ----- {"spu_id":2,"product_name":"Áo thun Hàn Quốc","product_desc":"Áo thun Hàn Quốc thời trang nhất 2025","product_slug":"ao-thun-han-quoc-1-1747648211","product_thumb":"https://shopdev.com/p/product123456.jpg","product_category":2,"product_shop":1,"product_price":"1005.00","product_quantity":15,"product_rating_avg":"4.8","product_variations":[{"images":[],"name":"color","options":["red","green","blue"]},{"images":[],"name":"size","options":["S","M"]}]} (default)
INFO   2025-07-18T13:07:26.311              morgan\index.js:130 | ::1 Anonymous GET /api/v1/spu/info/2/advanced 200 - 3.882 ms {}
 (access)
INFO   2025-07-18T13:07:26.961     spu\spu-cache.service.ts:72  | FROM CACHE: 2 ----- 1752818846961 ----- {"spu_id":2,"product_name":"Áo thun Hàn Quốc","product_desc":"Áo thun Hàn Quốc thời trang nhất 2025","product_slug":"ao-thun-han-quoc-1-1747648211","product_thumb":"https://shopdev.com/p/product123456.jpg","product_category":2,"product_shop":1,"product_price":"1005.00","product_quantity":15,"product_rating_avg":"4.8","product_variations":[{"images":[],"name":"color","options":["red","green","blue"]},{"images":[],"name":"size","options":["S","M"]}]} (default)
INFO   2025-07-18T13:07:26.963              morgan\index.js:130 | ::1 Anonymous GET /api/v1/spu/info/2/advanced 200 - 2.900 ms {}
 (access)
INFO   2025-07-18T13:07:27.459     spu\spu-cache.service.ts:72  | FROM CACHE: 2 ----- 1752818847459 ----- {"spu_id":2,"product_name":"Áo thun Hàn Quốc","product_desc":"Áo thun Hàn Quốc thời trang nhất 2025","product_slug":"ao-thun-han-quoc-1-1747648211","product_thumb":"https://shopdev.com/p/product123456.jpg","product_category":2,"product_shop":1,"product_price":"1005.00","product_quantity":15,"product_rating_avg":"4.8","product_variations":[{"images":[],"name":"color","options":["red","green","blue"]},{"images":[],"name":"size","options":["S","M"]}]} (default)
INFO   2025-07-18T13:07:27.463              morgan\index.js:130 | ::1 Anonymous GET /api/v1/spu/info/2/advanced 200 - 5.889 ms {}
 (access)
INFO   2025-07-18T13:07:27.962     spu\spu-cache.service.ts:72  | FROM CACHE: 2 ----- 1752818847962 ----- {"spu_id":2,"product_name":"Áo thun Hàn Quốc","product_desc":"Áo thun Hàn Quốc thời trang nhất 2025","product_slug":"ao-thun-han-quoc-1-1747648211","product_thumb":"https://shopdev.com/p/product123456.jpg","product_category":2,"product_shop":1,"product_price":"1005.00","product_quantity":15,"product_rating_avg":"4.8","product_variations":[{"images":[],"name":"color","options":["red","green","blue"]},{"images":[],"name":"size","options":["S","M"]}]} (default)
INFO   2025-07-18T13:07:27.964              morgan\index.js:130 | ::1 Anonymous GET /api/v1/spu/info/2/advanced 200 - 3.084 ms {}
 (access)
INFO   2025-07-18T13:07:28.421     spu\spu-cache.service.ts:72  | FROM CACHE: 2 ----- 1752818848421 ----- {"spu_id":2,"product_name":"Áo thun Hàn Quốc","product_desc":"Áo thun Hàn Quốc thời trang nhất 2025","product_slug":"ao-thun-han-quoc-1-1747648211","product_thumb":"https://shopdev.com/p/product123456.jpg","product_category":2,"product_shop":1,"product_price":"1005.00","product_quantity":15,"product_rating_avg":"4.8","product_variations":[{"images":[],"name":"color","options":["red","green","blue"]},{"images":[],"name":"size","options":["S","M"]}]} (default)
INFO   2025-07-18T13:07:28.424              morgan\index.js:130 | ::1 Anonymous GET /api/v1/spu/info/2/advanced 200 - 4.547 ms {}
 (access)
INFO   2025-07-18T13:07:28.879     spu\spu-cache.service.ts:72  | FROM CACHE: 2 ----- 1752818848879 ----- {"spu_id":2,"product_name":"Áo thun Hàn Quốc","product_desc":"Áo thun Hàn Quốc thời trang nhất 2025","product_slug":"ao-thun-han-quoc-1-1747648211","product_thumb":"https://shopdev.com/p/product123456.jpg","product_category":2,"product_shop":1,"product_price":"1005.00","product_quantity":15,"product_rating_avg":"4.8","product_variations":[{"images":[],"name":"color","options":["red","green","blue"]},{"images":[],"name":"size","options":["S","M"]}]} (default)
INFO   2025-07-18T13:07:28.881              morgan\index.js:130 | ::1 Anonymous GET /api/v1/spu/info/2/advanced 200 - 3.628 ms {}
 (access)
INFO   2025-07-18T13:07:29.501     spu\spu-cache.service.ts:72  | FROM CACHE: 2 ----- 1752818849500 ----- {"spu_id":2,"product_name":"Áo thun Hàn Quốc","product_desc":"Áo thun Hàn Quốc thời trang nhất 2025","product_slug":"ao-thun-han-quoc-1-1747648211","product_thumb":"https://shopdev.com/p/product123456.jpg","product_category":2,"product_shop":1,"product_price":"1005.00","product_quantity":15,"product_rating_avg":"4.8","product_variations":[{"images":[],"name":"color","options":["red","green","blue"]},{"images":[],"name":"size","options":["S","M"]}]} (default)
INFO   2025-07-18T13:07:29.502              morgan\index.js:130 | ::1 Anonymous GET /api/v1/spu/info/2/advanced 200 - 3.496 ms {}
 (access)
INFO   2025-07-18T13:08:44.861              db\db.module.ts:37  | DB Connected successfully DatabaseModule (default)
INFO   2025-07-18T13:08:44.883                  src\main.ts:49  | Server time: Fri Jul 18 2025 13:08:44 GMT+0700 (Indochina Time) (default)
INFO   2025-07-18T13:08:44.887                  src\main.ts:50  | Local/public ip: 192.168.1.6 - 192.168.1.6 (default)
INFO   2025-07-18T13:08:44.889                  src\main.ts:51  | Running app on: http://192.168.1.6:3005 (default)
INFO   2025-07-18T13:08:44.922       redis\redis.service.ts:88  | connectionIORedis - Connection status: connected RedisService (default)
INFO   2025-07-18T13:09:11.063              db\db.module.ts:37  | DB Connected successfully DatabaseModule (default)
INFO   2025-07-18T13:09:11.092                  src\main.ts:49  | Server time: Fri Jul 18 2025 13:09:11 GMT+0700 (Indochina Time) (default)
INFO   2025-07-18T13:09:11.095                  src\main.ts:50  | Local/public ip: 192.168.1.6 - 192.168.1.6 (default)
INFO   2025-07-18T13:09:11.096                  src\main.ts:51  | Running app on: http://192.168.1.6:3005 (default)
INFO   2025-07-18T13:09:11.130       redis\redis.service.ts:88  | connectionIORedis - Connection status: connected RedisService (default)
